<?xml version="1.0" encoding="UTF-8"?>
<!-- Generated by org.testng.reporters.JUnitReportReporter -->
<testsuite skipped="0" hostname="SteveJ" name="com.runner.zooplaRunner" tests="1" failures="0" timestamp="10 Aug 2020 22:48:53 GMT" time="45.965" errors="0">
  <testcase name="runScenario" time="45.965" classname="com.runner.zooplaRunner"/>
</testsuite> <!-- com.runner.zooplaRunner -->
