<?xml version="1.0" encoding="UTF-8"?>
<!-- Generated by org.testng.reporters.JUnitReportReporter -->
<testsuite skipped="0" hostname="SteveJ" name="com.runner.zooplaRunner$AutomationRunner" tests="1" failures="0" timestamp="02 Aug 2020 14:27:02 GMT" time="135.480" errors="0">
  <testcase name="runScenario" time="135.480" classname="com.runner.zooplaRunner$AutomationRunner"/>
</testsuite> <!-- com.runner.zooplaRunner$AutomationRunner -->
